{"/Users/jakecyr/code/markdown-mermaid-exporter/src/convertMarkdownMermaidToImage.ts": {"path":"/Users/jakecyr/code/markdown-mermaid-exporter/src/convertMarkdownMermaidToImage.ts","statementMap":{"0":{"start":{"line":6,"column":0},"end":{"line":6,"column":21}},"1":{"start":{"line":17,"column":2},"end":{"line":19,"column":3}},"2":{"start":{"line":18,"column":4},"end":{"line":18,"column":63}},"3":{"start":{"line":21,"column":2},"end":{"line":23,"column":3}},"4":{"start":{"line":22,"column":4},"end":{"line":22,"column":74}},"5":{"start":{"line":25,"column":2},"end":{"line":27,"column":3}},"6":{"start":{"line":26,"column":4},"end":{"line":26,"column":70}},"7":{"start":{"line":29,"column":2},"end":{"line":31,"column":3}},"8":{"start":{"line":30,"column":4},"end":{"line":30,"column":81}},"9":{"start":{"line":33,"column":2},"end":{"line":59,"column":5}},"10":{"start":{"line":34,"column":4},"end":{"line":58,"column":7}},"11":{"start":{"line":35,"column":6},"end":{"line":37,"column":7}},"12":{"start":{"line":36,"column":8},"end":{"line":36,"column":68}},"13":{"start":{"line":39,"column":34},"end":{"line":39,"column":50}},"14":{"start":{"line":40,"column":23},"end":{"line":40,"column":73}},"15":{"start":{"line":42,"column":6},"end":{"line":42,"column":42}},"16":{"start":{"line":44,"column":6},"end":{"line":57,"column":7}},"17":{"start":{"line":45,"column":8},"end":{"line":45,"column":78}},"18":{"start":{"line":47,"column":24},"end":{"line":47,"column":63}},"19":{"start":{"line":49,"column":8},"end":{"line":52,"column":11}},"20":{"start":{"line":54,"column":8},"end":{"line":54,"column":18}},"21":{"start":{"line":56,"column":8},"end":{"line":56,"column":59}}},"fnMap":{"0":{"name":"convertMarkdownMermaidToImage","decl":{"start":{"line":13,"column":22},"end":{"line":13,"column":51}},"loc":{"start":{"line":16,"column":17},"end":{"line":60,"column":1}},"line":16},"1":{"name":"(anonymous_1)","decl":{"start":{"line":33,"column":21},"end":{"line":33,"column":22}},"loc":{"start":{"line":33,"column":48},"end":{"line":59,"column":3}},"line":33},"2":{"name":"(anonymous_2)","decl":{"start":{"line":34,"column":12},"end":{"line":34,"column":13}},"loc":{"start":{"line":34,"column":62},"end":{"line":58,"column":5}},"line":34}},"branchMap":{"0":{"loc":{"start":{"line":15,"column":2},"end":{"line":15,"column":74}},"type":"default-arg","locations":[{"start":{"line":15,"column":62},"end":{"line":15,"column":74}}],"line":15},"1":{"loc":{"start":{"line":17,"column":2},"end":{"line":19,"column":3}},"type":"if","locations":[{"start":{"line":17,"column":2},"end":{"line":19,"column":3}},{"start":{},"end":{}}],"line":17},"2":{"loc":{"start":{"line":21,"column":2},"end":{"line":23,"column":3}},"type":"if","locations":[{"start":{"line":21,"column":2},"end":{"line":23,"column":3}},{"start":{},"end":{}}],"line":21},"3":{"loc":{"start":{"line":25,"column":2},"end":{"line":27,"column":3}},"type":"if","locations":[{"start":{"line":25,"column":2},"end":{"line":27,"column":3}},{"start":{},"end":{}}],"line":25},"4":{"loc":{"start":{"line":29,"column":2},"end":{"line":31,"column":3}},"type":"if","locations":[{"start":{"line":29,"column":2},"end":{"line":31,"column":3}},{"start":{},"end":{}}],"line":29},"5":{"loc":{"start":{"line":35,"column":6},"end":{"line":37,"column":7}},"type":"if","locations":[{"start":{"line":35,"column":6},"end":{"line":37,"column":7}},{"start":{},"end":{}}],"line":35}},"s":{"0":1,"1":5,"2":1,"3":4,"4":1,"5":3,"6":1,"7":2,"8":1,"9":1,"10":1,"11":1,"12":0,"13":1,"14":1,"15":1,"16":1,"17":1,"18":1,"19":1,"20":1,"21":0},"f":{"0":5,"1":1,"2":1},"b":{"0":[0],"1":[1,4],"2":[1,3],"3":[1,2],"4":[1,1],"5":[0,1]},"_coverageSchema":"1a1c01bbd47fc00a2c39e90264f33305004495a9","hash":"71b51b6c02dae32ec12cbfea3227c23c3e489178"}
}
