TN:
SF:src/convertMarkdownMermaidToImage.ts
FN:13,convertMarkdownMermaidToImage
FN:33,(anonymous_1)
FN:34,(anonymous_2)
FNF:3
FNH:3
FNDA:5,convertMarkdownMermaidToImage
FNDA:1,(anonymous_1)
FNDA:1,(anonymous_2)
DA:6,1
DA:17,5
DA:18,1
DA:21,4
DA:22,1
DA:25,3
DA:26,1
DA:29,2
DA:30,1
DA:33,1
DA:34,1
DA:35,1
DA:36,0
DA:39,1
DA:40,1
DA:42,1
DA:44,1
DA:45,1
DA:47,1
DA:49,1
DA:54,1
DA:56,0
LF:22
LH:20
BRDA:15,0,0,0
BRDA:17,1,0,1
BRDA:17,1,1,4
BRDA:21,2,0,1
BRDA:21,2,1,3
BRDA:25,3,0,1
BRDA:25,3,1,2
BRDA:29,4,0,1
BRDA:29,4,1,1
BRDA:35,5,0,0
BRDA:35,5,1,1
BRF:11
BRH:9
end_of_record
